[debug] [2023-12-05T14:32:18.211Z] ----------------------------------------------------------------------
[debug] [2023-12-05T14:32:18.213Z] Command:       C:\Program Files\nodejs\node.exe C:\Users\PC\AppData\Roaming\npm\node_modules\firebase-tools\lib\bin\firebase.js init functions
[debug] [2023-12-05T14:32:18.213Z] CLI Version:   12.9.1
[debug] [2023-12-05T14:32:18.213Z] Platform:      win32
[debug] [2023-12-05T14:32:18.214Z] Node Version:  v18.9.0
[debug] [2023-12-05T14:32:18.214Z] Time:          Tue Dec 05 2023 15:32:18 GMT+0100 (közép-európai téli idő)
[debug] [2023-12-05T14:32:18.214Z] ----------------------------------------------------------------------
[debug] 
[debug] [2023-12-05T14:32:18.218Z] >>> [apiv2][query] GET https://firebase-public.firebaseio.com/cli.json [none]
[debug] [2023-12-05T14:32:18.301Z] > command requires scopes: ["email","openid","https://www.googleapis.com/auth/cloudplatformprojects.readonly","https://www.googleapis.com/auth/firebase","https://www.googleapis.com/auth/cloud-platform"]
[debug] [2023-12-05T14:32:18.302Z] > authorizing via signed-in user (furstahl.bence@gmail.com)
[info] 
     ######## #### ########  ######## ########     ###     ######  ########
     ##        ##  ##     ## ##       ##     ##  ##   ##  ##       ##
     ######    ##  ########  ######   ########  #########  ######  ######
     ##        ##  ##    ##  ##       ##     ## ##     ##       ## ##
     ##       #### ##     ## ######## ########  ##     ##  ######  ########

You're about to initialize a Firebase project in this directory:

  C:\Users\PC\Desktop\webshop-fbd

Before we get started, keep in mind:

  * You are initializing within an existing Firebase project directory

[debug] [2023-12-05T14:32:18.625Z] <<< [apiv2][status] GET https://firebase-public.firebaseio.com/cli.json 200
[debug] [2023-12-05T14:32:18.625Z] <<< [apiv2][body] GET https://firebase-public.firebaseio.com/cli.json {"cloudBuildErrorAfter":1594252800000,"cloudBuildWarnAfter":1590019200000,"defaultNode10After":1594252800000,"minVersion":"3.0.5","node8DeploysDisabledAfter":1613390400000,"node8RuntimeDisabledAfter":1615809600000,"node8WarnAfter":1600128000000}
[info] 
=== Project Setup
[info] 
[info] First, let's associate this project directory with a Firebase project.
[info] You can create multiple project aliases by running firebase use --add, 
[info] but for now we'll just set up a default project.
[info] 
[debug] [2023-12-05T14:32:28.057Z] Using project from CLI flag: webshop-d4135
[debug] [2023-12-05T14:32:28.057Z] > refreshing access token with scopes: []
[debug] [2023-12-05T14:32:28.058Z] >>> [apiv2][query] POST https://www.googleapis.com/oauth2/v3/token [none]
[debug] [2023-12-05T14:32:28.058Z] >>> [apiv2][body] POST https://www.googleapis.com/oauth2/v3/token [omitted]
[debug] [2023-12-05T14:32:28.325Z] <<< [apiv2][status] POST https://www.googleapis.com/oauth2/v3/token 200
[debug] [2023-12-05T14:32:28.325Z] <<< [apiv2][body] POST https://www.googleapis.com/oauth2/v3/token [omitted]
[debug] [2023-12-05T14:32:28.331Z] >>> [apiv2][query] GET https://firebase.googleapis.com/v1beta1/projects/webshop-d4135 [none]
[debug] [2023-12-05T14:32:28.637Z] <<< [apiv2][status] GET https://firebase.googleapis.com/v1beta1/projects/webshop-d4135 200
[debug] [2023-12-05T14:32:28.637Z] <<< [apiv2][body] GET https://firebase.googleapis.com/v1beta1/projects/webshop-d4135 {"projectId":"webshop-d4135","projectNumber":"490180247974","displayName":"webshop","name":"projects/webshop-d4135","resources":{"hostingSite":"webshop-d4135"},"state":"ACTIVE","etag":"1_b4455440-fe10-44ed-b626-985be80df3e9"}
[info] i  Using project webshop-d4135 (webshop) 
[info] 
=== Functions Setup
[debug] [2023-12-05T14:32:28.642Z] > command requires scopes: ["email","openid","https://www.googleapis.com/auth/cloudplatformprojects.readonly","https://www.googleapis.com/auth/firebase","https://www.googleapis.com/auth/cloud-platform"]
[debug] [2023-12-05T14:32:28.642Z] > authorizing via signed-in user (furstahl.bence@gmail.com)
[debug] [2023-12-05T14:32:28.642Z] [iam] checking project webshop-d4135 for permissions ["firebase.projects.get"]
[debug] [2023-12-05T14:32:28.642Z] >>> [apiv2][query] POST https://cloudresourcemanager.googleapis.com/v1/projects/webshop-d4135:testIamPermissions [none]
[debug] [2023-12-05T14:32:28.642Z] >>> [apiv2][(partial)header] POST https://cloudresourcemanager.googleapis.com/v1/projects/webshop-d4135:testIamPermissions x-goog-quota-user=projects/webshop-d4135
[debug] [2023-12-05T14:32:28.642Z] >>> [apiv2][body] POST https://cloudresourcemanager.googleapis.com/v1/projects/webshop-d4135:testIamPermissions {"permissions":["firebase.projects.get"]}
[debug] [2023-12-05T14:32:29.459Z] <<< [apiv2][status] POST https://cloudresourcemanager.googleapis.com/v1/projects/webshop-d4135:testIamPermissions 200
[debug] [2023-12-05T14:32:29.459Z] <<< [apiv2][body] POST https://cloudresourcemanager.googleapis.com/v1/projects/webshop-d4135:testIamPermissions {"permissions":["firebase.projects.get"]}
[debug] [2023-12-05T14:32:29.461Z] >>> [apiv2][query] GET https://serviceusage.googleapis.com/v1/projects/webshop-d4135/services/cloudfunctions.googleapis.com [none]
[debug] [2023-12-05T14:32:29.461Z] >>> [apiv2][(partial)header] GET https://serviceusage.googleapis.com/v1/projects/webshop-d4135/services/cloudfunctions.googleapis.com x-goog-quota-user=projects/webshop-d4135
[debug] [2023-12-05T14:32:29.463Z] >>> [apiv2][query] GET https://serviceusage.googleapis.com/v1/projects/webshop-d4135/services/runtimeconfig.googleapis.com [none]
[debug] [2023-12-05T14:32:29.463Z] >>> [apiv2][(partial)header] GET https://serviceusage.googleapis.com/v1/projects/webshop-d4135/services/runtimeconfig.googleapis.com x-goog-quota-user=projects/webshop-d4135
[debug] [2023-12-05T14:32:30.467Z] <<< [apiv2][status] GET https://serviceusage.googleapis.com/v1/projects/webshop-d4135/services/cloudfunctions.googleapis.com 200
[debug] [2023-12-05T14:32:30.467Z] <<< [apiv2][body] GET https://serviceusage.googleapis.com/v1/projects/webshop-d4135/services/cloudfunctions.googleapis.com [omitted]
[debug] [2023-12-05T14:32:30.467Z] <<< [apiv2][status] GET https://serviceusage.googleapis.com/v1/projects/webshop-d4135/services/runtimeconfig.googleapis.com 200
[debug] [2023-12-05T14:32:30.467Z] <<< [apiv2][body] GET https://serviceusage.googleapis.com/v1/projects/webshop-d4135/services/runtimeconfig.googleapis.com [omitted]
[info] Let's create a new codebase for your functions.
[info] A directory corresponding to the codebase will be created in your project
[info] with sample code pre-configured.

[info] See https://firebase.google.com/docs/functions/organize-functions for
[info] more information on organizing your functions using codebases.

[info] Functions can be deployed with firebase deploy.

[info] +  Wrote functions/package.json 
[info] +  Wrote functions/index.js 
[info] +  Wrote functions/.gitignore 
